{
  "stats": {
    "suites": 1,
    "tests": 1,
    "passes": 1,
    "pending": 0,
    "failures": 0,
    "start": "2021-02-09T16:25:18.050Z",
    "end": "2021-02-09T16:25:31.276Z",
    "duration": 13226,
    "testsRegistered": 1,
    "passPercent": 100,
    "pendingPercent": 0,
    "other": 0,
    "hasOther": false,
    "skipped": 0,
    "hasSkipped": false
  },
  "results": [
    {
      "uuid": "8e84be28-cfa2-4af1-9885-63afa300ad41",
      "title": "",
      "fullFile": "cypress\\tests\\SetupAndMaintenance\\sampleTest1.js",
      "file": "cypress\\tests\\SetupAndMaintenance\\sampleTest1.js",
      "beforeHooks": [],
      "afterHooks": [],
      "tests": [],
      "suites": [
        {
          "uuid": "4a9582aa-ffc0-4911-aabc-aac5eedcf3ef",
          "title": "My TF Test Suite 2",
          "fullFile": "",
          "file": "",
          "beforeHooks": [],
          "afterHooks": [],
          "tests": [
            {
              "title": "My TF Test 2",
              "fullTitle": "My TF Test Suite 2 My TF Test 2",
              "timedOut": null,
              "duration": 10893,
              "state": "passed",
              "speed": "slow",
              "pass": true,
              "fail": false,
              "pending": false,
              "context": null,
              "code": "cy.visit(Cypress.env('setupmaintenanceurl'));\ncy.get('.nav-link').click();\ncy.get(':nth-child(1) > :nth-child(1) > :nth-child(2) > .d-block').click();",
              "err": {},
              "uuid": "77b79d02-2c2d-4c01-9ab9-5ad75f6d2b1e",
              "parentUUID": "4a9582aa-ffc0-4911-aabc-aac5eedcf3ef",
              "isHook": false,
              "skipped": false
            }
          ],
          "suites": [],
          "passes": [
            "77b79d02-2c2d-4c01-9ab9-5ad75f6d2b1e"
          ],
          "failures": [],
          "pending": [],
          "skipped": [],
          "duration": 10893,
          "root": false,
          "rootEmpty": false,
          "_timeout": 2000
        }
      ],
      "passes": [],
      "failures": [],
      "pending": [],
      "skipped": [],
      "duration": 0,
      "root": true,
      "rootEmpty": true,
      "_timeout": 2000
    }
  ],
  "meta": {
    "mocha": {
      "version": "7.0.1"
    },
    "mochawesome": {
      "options": {
        "quiet": false,
        "reportFilename": "mochawesome",
        "saveHtml": false,
        "saveJson": true,
        "consoleReporter": "spec",
        "useInlineDiffs": false,
        "code": true
      },
      "version": "6.2.1"
    },
    "marge": {
      "options": {
        "quite": true,
        "overwrite": false,
        "html": false,
        "json": true
      },
      "version": "5.1.0"
    }
  }
}