{
  "stats": {
    "suites": 1,
    "tests": 1,
    "passes": 1,
    "pending": 0,
    "failures": 0,
    "start": "2021-02-06T20:16:00.730Z",
    "end": "2021-02-06T20:16:05.940Z",
    "duration": 5210,
    "testsRegistered": 1,
    "passPercent": 100,
    "pendingPercent": 0,
    "other": 0,
    "hasOther": false,
    "skipped": 0,
    "hasSkipped": false
  },
  "results": [
    {
      "uuid": "8454bfed-b665-4e1f-a3d4-b8bac52658d4",
      "title": "",
      "fullFile": "cypress\\tests\\SetupAndMaintenance\\sampleTest.js",
      "file": "cypress\\tests\\SetupAndMaintenance\\sampleTest.js",
      "beforeHooks": [],
      "afterHooks": [],
      "tests": [],
      "suites": [
        {
          "uuid": "c70b7f3d-53c6-4f47-80a4-cf33b323769d",
          "title": "My TF Test Suite 1",
          "fullFile": "",
          "file": "",
          "beforeHooks": [],
          "afterHooks": [],
          "tests": [
            {
              "title": "My TF Test 1",
              "fullTitle": "My TF Test Suite 1 My TF Test 1",
              "timedOut": null,
              "duration": 3317,
              "state": "passed",
              "speed": "slow",
              "pass": true,
              "fail": false,
              "pending": false,
              "context": null,
              "code": "cy.visit(Cypress.env('setupmaintenanceurl'));\ncy.get('.nav-link').click();\ncy.get(':nth-child(1) > :nth-child(1) > :nth-child(2) > .d-block').click();",
              "err": {},
              "uuid": "4d16e5e7-6252-43e7-adec-538660e2a4a7",
              "parentUUID": "c70b7f3d-53c6-4f47-80a4-cf33b323769d",
              "isHook": false,
              "skipped": false
            }
          ],
          "suites": [],
          "passes": [
            "4d16e5e7-6252-43e7-adec-538660e2a4a7"
          ],
          "failures": [],
          "pending": [],
          "skipped": [],
          "duration": 3317,
          "root": false,
          "rootEmpty": false,
          "_timeout": 2000
        }
      ],
      "passes": [],
      "failures": [],
      "pending": [],
      "skipped": [],
      "duration": 0,
      "root": true,
      "rootEmpty": true,
      "_timeout": 2000
    }
  ],
  "meta": {
    "mocha": {
      "version": "7.0.1"
    },
    "mochawesome": {
      "options": {
        "quiet": false,
        "reportFilename": "mochawesome",
        "saveHtml": false,
        "saveJson": true,
        "consoleReporter": "spec",
        "useInlineDiffs": false,
        "code": true
      },
      "version": "6.2.1"
    },
    "marge": {
      "options": {
        "quite": true,
        "overwrite": false,
        "html": false,
        "json": true
      },
      "version": "5.1.0"
    }
  }
}