{
  "stats": {
    "suites": 1,
    "tests": 1,
    "passes": 1,
    "pending": 0,
    "failures": 0,
    "start": "2021-02-09T16:24:56.712Z",
    "end": "2021-02-09T16:25:11.897Z",
    "duration": 15185,
    "testsRegistered": 1,
    "passPercent": 100,
    "pendingPercent": 0,
    "other": 0,
    "hasOther": false,
    "skipped": 0,
    "hasSkipped": false
  },
  "results": [
    {
      "uuid": "03c63cf5-ac01-4bab-a085-ed609cde9dfa",
      "title": "",
      "fullFile": "cypress\\tests\\SetupAndMaintenance\\sampleTest.js",
      "file": "cypress\\tests\\SetupAndMaintenance\\sampleTest.js",
      "beforeHooks": [],
      "afterHooks": [],
      "tests": [],
      "suites": [
        {
          "uuid": "47347ea7-7d90-4ced-aa22-57c59e4f5054",
          "title": "My TF Test Suite 1",
          "fullFile": "",
          "file": "",
          "beforeHooks": [],
          "afterHooks": [],
          "tests": [
            {
              "title": "My TF Test 1",
              "fullTitle": "My TF Test Suite 1 My TF Test 1",
              "timedOut": null,
              "duration": 12128,
              "state": "passed",
              "speed": "slow",
              "pass": true,
              "fail": false,
              "pending": false,
              "context": null,
              "code": "cy.visit(Cypress.env('setupmaintenanceurl'));\ncy.get('.nav-link').click();\ncy.get(':nth-child(1) > :nth-child(1) > :nth-child(2) > .d-block').click();",
              "err": {},
              "uuid": "28fce4f0-66fc-42ea-81e6-9284b1d6d28c",
              "parentUUID": "47347ea7-7d90-4ced-aa22-57c59e4f5054",
              "isHook": false,
              "skipped": false
            }
          ],
          "suites": [],
          "passes": [
            "28fce4f0-66fc-42ea-81e6-9284b1d6d28c"
          ],
          "failures": [],
          "pending": [],
          "skipped": [],
          "duration": 12128,
          "root": false,
          "rootEmpty": false,
          "_timeout": 2000
        }
      ],
      "passes": [],
      "failures": [],
      "pending": [],
      "skipped": [],
      "duration": 0,
      "root": true,
      "rootEmpty": true,
      "_timeout": 2000
    }
  ],
  "meta": {
    "mocha": {
      "version": "7.0.1"
    },
    "mochawesome": {
      "options": {
        "quiet": false,
        "reportFilename": "mochawesome",
        "saveHtml": false,
        "saveJson": true,
        "consoleReporter": "spec",
        "useInlineDiffs": false,
        "code": true
      },
      "version": "6.2.1"
    },
    "marge": {
      "options": {
        "quite": true,
        "overwrite": false,
        "html": false,
        "json": true
      },
      "version": "5.1.0"
    }
  }
}